<?xml version="1.0" encoding="UTF-8"?>
<!-- Generated by org.testng.reporters.JUnitReportReporter -->
<testsuite hostname="DESKTOP-4MK9F1J" failures="0" tests="1" name="testNg_Basic_Program.Browser" time="32.875" errors="0" timestamp="2021-12-16T23:21:38 IST" skipped="0">
  <testcase classname="testNg_Basic_Program.Browser" name="lounch" time="32.875"/>
  <system-out/>
</testsuite> <!-- testNg_Basic_Program.Browser -->
