<?xml version="1.0" encoding="UTF-8"?>
<!-- Generated by org.testng.reporters.JUnitReportReporter -->
<testsuite hostname="DESKTOP-4MK9F1J" failures="0" tests="1" name="assertion.HardAssertion" time="0.030" errors="0" timestamp="2021-12-16T23:38:40 IST" skipped="0">
  <testcase classname="assertion.HardAssertion" name="VerifyTittle" time="0.030"/>
  <system-out>
    <![CDATA[VIKRAM HARIDAS GHATULE]]>
  </system-out>
</testsuite> <!-- assertion.HardAssertion -->
