<?xml version="1.0" encoding="UTF-8"?>
<!-- Generated by org.testng.reporters.JUnitReportReporter -->
<testsuite hostname="DESKTOP-4MK9F1J" failures="0" tests="3" name="annotations_sequence.Annotations" time="0.056" errors="0" timestamp="2021-12-07T23:06:35 IST" skipped="0">
  <testcase classname="annotations_sequence.Annotations" name="test2" time="0.009"/>
  <system-out>
    <![CDATA[Test 2 Executed]]>
  </system-out>
  <testcase classname="annotations_sequence.Annotations" name="test3" time="0.006"/>
  <system-out>
    <![CDATA[Test 3 Executed]]>
  </system-out>
  <testcase classname="annotations_sequence.Annotations" name="test1" time="0.041"/>
  <system-out>
    <![CDATA[Test 1 Executed]]>
  </system-out>
</testsuite> <!-- annotations_sequence.Annotations -->
